<?xml version="1.0" encoding="UTF-8"?>
<testng-results ignored="0" total="6" passed="6" failed="0" skipped="0">
  <reporter-output>
  </reporter-output>
  <suite started-at="2025-03-20T21:10:10 IST" name="Surefire suite" finished-at="2025-03-20T21:10:56 IST" duration-ms="46901">
    <groups>
      <group name="cucumber">
        <method signature="AbstractTestNGCucumberTests.runScenario(io.cucumber.testng.PickleWrapper,io.cucumber.testng.FeatureWrapper)[pri:0, instance:runner.TestRunner@460d0a57]" name="runScenario" class="io.cucumber.testng.AbstractTestNGCucumberTests"/>
      </group> <!-- cucumber -->
    </groups>
    <test started-at="2025-03-20T21:10:10 IST" name="Surefire test" finished-at="2025-03-20T21:10:56 IST" duration-ms="46901">
      <class name="runner.TestRunner">
        <test-method is-config="true" signature="setUpClass(org.testng.ITestContext)[pri:0, instance:runner.TestRunner@460d0a57]" started-at="2025-03-20T21:10:10 IST" name="setUpClass" finished-at="2025-03-20T21:10:10 IST" duration-ms="579" status="PASS">
          <params>
            <param index="0">
              <value>
                <![CDATA[org.testng.TestRunner@5e3db14]]>
              </value>
            </param>
          </params>
          <reporter-output>
          </reporter-output>
        </test-method> <!-- setUpClass -->
        <test-method is-config="true" signature="beforeClass(java.lang.String)[pri:0, instance:runner.TestRunner@460d0a57]" started-at="2025-03-20T21:10:10 IST" name="beforeClass" finished-at="2025-03-20T21:10:16 IST" duration-ms="5667" status="PASS">
          <params>
            <param index="0">
              <value>
                <![CDATA[chrome]]>
              </value>
            </param>
          </params>
          <reporter-output>
          </reporter-output>
        </test-method> <!-- beforeClass -->
        <test-method signature="runScenario(io.cucumber.testng.PickleWrapper,io.cucumber.testng.FeatureWrapper)[pri:0, instance:runner.TestRunner@460d0a57]" started-at="2025-03-20T21:10:16 IST" name="runScenario" description="Runs Cucumber Scenarios" data-provider="scenarios" finished-at="2025-03-20T21:10:17 IST" duration-ms="922" status="PASS">
          <params>
            <param index="0">
              <value>
                <![CDATA["Verifying major section"]]>
              </value>
            </param>
            <param index="1">
              <value>
                <![CDATA["Home Page"]]>
              </value>
            </param>
          </params>
          <reporter-output>
          </reporter-output>
        </test-method> <!-- runScenario -->
        <test-method signature="runScenario(io.cucumber.testng.PickleWrapper,io.cucumber.testng.FeatureWrapper)[pri:0, instance:runner.TestRunner@460d0a57]" started-at="2025-03-20T21:10:17 IST" name="runScenario" description="Runs Cucumber Scenarios" data-provider="scenarios" finished-at="2025-03-20T21:10:21 IST" duration-ms="4679" status="PASS">
          <params>
            <param index="0">
              <value>
                <![CDATA["Automate searching product"]]>
              </value>
            </param>
            <param index="1">
              <value>
                <![CDATA["Search Functionality"]]>
              </value>
            </param>
          </params>
          <reporter-output>
          </reporter-output>
        </test-method> <!-- runScenario -->
        <test-method signature="runScenario(io.cucumber.testng.PickleWrapper,io.cucumber.testng.FeatureWrapper)[pri:0, instance:runner.TestRunner@460d0a57]" started-at="2025-03-20T21:10:21 IST" name="runScenario" description="Runs Cucumber Scenarios" data-provider="scenarios" finished-at="2025-03-20T21:10:24 IST" duration-ms="2249" status="PASS">
          <params>
            <param index="0">
              <value>
                <![CDATA["Validating and adding products to the cart and wishlist"]]>
              </value>
            </param>
            <param index="1">
              <value>
                <![CDATA["Product Deatails"]]>
              </value>
            </param>
          </params>
          <reporter-output>
          </reporter-output>
        </test-method> <!-- runScenario -->
        <test-method signature="runScenario(io.cucumber.testng.PickleWrapper,io.cucumber.testng.FeatureWrapper)[pri:0, instance:runner.TestRunner@460d0a57]" started-at="2025-03-20T21:10:24 IST" name="runScenario" description="Runs Cucumber Scenarios" data-provider="scenarios" finished-at="2025-03-20T21:10:31 IST" duration-ms="7798" status="PASS">
          <params>
            <param index="0">
              <value>
                <![CDATA["Adding products to the cart"]]>
              </value>
            </param>
            <param index="1">
              <value>
                <![CDATA["Shopping cart functionality"]]>
              </value>
            </param>
          </params>
          <reporter-output>
          </reporter-output>
        </test-method> <!-- runScenario -->
        <test-method signature="runScenario(io.cucumber.testng.PickleWrapper,io.cucumber.testng.FeatureWrapper)[pri:0, instance:runner.TestRunner@460d0a57]" started-at="2025-03-20T21:10:31 IST" name="runScenario" description="Runs Cucumber Scenarios" data-provider="scenarios" finished-at="2025-03-20T21:10:40 IST" duration-ms="8264" status="PASS">
          <params>
            <param index="0">
              <value>
                <![CDATA["Register a new user with data from Excel"]]>
              </value>
            </param>
            <param index="1">
              <value>
                <![CDATA["Registration and login page functionality"]]>
              </value>
            </param>
          </params>
          <reporter-output>
          </reporter-output>
        </test-method> <!-- runScenario -->
        <test-method signature="runScenario(io.cucumber.testng.PickleWrapper,io.cucumber.testng.FeatureWrapper)[pri:0, instance:runner.TestRunner@460d0a57]" started-at="2025-03-20T21:10:40 IST" name="runScenario" description="Runs Cucumber Scenarios" data-provider="scenarios" finished-at="2025-03-20T21:10:56 IST" duration-ms="16158" status="PASS">
          <params>
            <param index="0">
              <value>
                <![CDATA["Login with valid credentials from Excel"]]>
              </value>
            </param>
            <param index="1">
              <value>
                <![CDATA["Registration and login page functionality"]]>
              </value>
            </param>
          </params>
          <reporter-output>
          </reporter-output>
        </test-method> <!-- runScenario -->
        <test-method is-config="true" signature="afterClass()[pri:0, instance:runner.TestRunner@460d0a57]" started-at="2025-03-20T21:10:56 IST" name="afterClass" finished-at="2025-03-20T21:10:56 IST" duration-ms="403" status="PASS">
          <reporter-output>
          </reporter-output>
        </test-method> <!-- afterClass -->
        <test-method is-config="true" signature="tearDownClass()[pri:0, instance:runner.TestRunner@460d0a57]" started-at="2025-03-20T21:10:56 IST" name="tearDownClass" finished-at="2025-03-20T21:10:56 IST" duration-ms="146" status="PASS">
          <reporter-output>
          </reporter-output>
        </test-method> <!-- tearDownClass -->
      </class> <!-- runner.TestRunner -->
    </test> <!-- Surefire test -->
  </suite> <!-- Surefire suite -->
</testng-results>
