<?xml version="1.0" encoding="UTF-8"?>
<testsuite xmlns:xsi="http://www.w3.org/2001/XMLSchema-instance" xsi:noNamespaceSchemaLocation="https://maven.apache.org/surefire/maven-surefire-plugin/xsd/surefire-test-report-3.0.xsd" version="3.0" name="runner.TestRunner" time="47.44" tests="6" errors="0" skipped="0" failures="0">
  <properties>
[...]
</properties>
  <testcase name="runScenario[&quot;Verifying major section&quot;, &quot;Home Page&quot;](1)" classname="runner.TestRunner" time="0.926">
    <system-out><![CDATA[Running tests on: chrome
Setting up browser: chrome
Driver initialized successfully.

@Priority1
Scenario: Verifying major section          &amp#27;[90m# src/test/resources/Features/1HomePage.feature:3&amp#27;[0m
  &amp#27;[32mGiven &amp#27;[0m&amp#27;[32mUser is on the Home Page&amp#27;[0m           &amp#27;[90m# steps.HomePageSteps.user_is_on_the_home_page()&amp#27;[0m
  &amp#27;[32mWhen &amp#27;[0m&amp#27;[32mUser enters &amp#27;[0m&amp#27;[32m&amp#27;[1m"mac"&amp#27;[0m&amp#27;[32m in the search bar&amp#27;[0m &amp#27;[90m# steps.HomePageSteps.user_enters_in_the_search_bar(java.lang.String)&amp#27;[0m
  &amp#27;[32mWhen &amp#27;[0m&amp#27;[32mUser clicks the search button&amp#27;[0m       &amp#27;[90m# steps.HomePageSteps.user_clicks_the_search_button]]></system-out>
    <system-err><![CDATA[[main] INFO io.github.bonigarcia.wdm.WebDriverManager - Using chromedriver 134.0.6998.90 (resolved driver for Chrome 134)
[main] INFO io.github.bonigarcia.wdm.WebDriverManager - Exporting webdriver.chrome.driver as C:\Users\prava\.cache\selenium\chromedriver\win64\134.0.6998.90\chromedriver.exe
Mar 20, 2025 9:10:12 PM org.openqa.selenium.devtools.CdpVersionFinder findNearestMatch
WARNING: Unable to find an exact match for CDP version 134, returning the closest version; found: 133; Please update to a Selenium version that supports CDP version 134
]]></system-err>
  </testcase>
  <testcase name="runScenario[&quot;Automate searching product&quot;, &quot;Search Functionality&quot;](2)" classname="runner.TestRunner" time="4.658">
    <system-out><![CDATA[()&amp#27;[0m
  &amp#27;[32mThen &amp#27;[0m&amp#27;[32mUser redirected to the search page&amp#27;[0m  &amp#27;[90m# steps.HomePageSteps.user_redirected_to_the_search_page()&amp#27;[0m

@Priority2
Scenario: Automate searching product                                             &amp#27;[90m# src/test/resources/Features/2SearchFunctionality.feature:3&amp#27;[0m
  &amp#27;[32mGiven &amp#27;[0m&amp#27;[32mUser in the search page&amp#27;[0m                                                  &amp#27;[90m# steps.SearchFunctionality.user_in_the_search_page()&amp#27;[0m
  &amp#27;[32mWhen &amp#27;[0m&amp#27;[32mUser enters &amp#27;[0m&amp#27;[32m&amp#27;[1m"mac"&amp#27;[0m&amp#27;[32m in search bar and clicks the seach button&amp#27;[0m               &amp#27;[90m# steps.SearchFunctionality.user_enters_in_search_bar_and_clicks_the_seach_button(java.lang.String)&amp#27;[0m
  &amp#27;[32mWhen &amp#27;[0m&amp#27;[32mUser select &amp#27;[0m&amp#27;[32m&amp#27;[1m"Laptops & Notebooks"&amp#27;[0m&amp#27;[32m in sub search categories drop down list&amp#27;[0m &amp#27;[90m# steps.SearchFunctionality.user_select_in_sub_search_categories_drop_down_list(java.lang.String)&amp#27;[0m
  &amp#27;[32mWhen &amp#27;[0m&amp#27;[32mUser select the grid option&amp#27;[0m                                               &amp#27;[90m# steps.SearchFunctionality.user_select_the_grid_option()&amp#27;[0m
  &amp#27;[32mThen &amp#27;[0m&amp#27;[32mUser select &amp#27;[0m&amp#27;[32m&amp#27;[1m"Price (High > Lo]]></system-out>
  </testcase>
  <testcase name="runScenario[&quot;Validating and adding products to the cart and wishlist&quot;, &quot;Product Deatails&quot;](3)" classname="runner.TestRunner" time="2.244">
    <system-out><![CDATA[User is in the search page to verify the product
w)"&amp#27;[0m&amp#27;[32m in sort by drop down list&amp#27;[0m                &amp#27;[90m# steps.SearchFunctionality.user_select_in_sort_by_drop_down_list(java.lang.String)&amp#27;[0m

@Priority3
Scenario: Validating and adding products to the cart and wishlist &amp#27;[90m# src/test/resources/Features/3ProductDetails.feature:3&amp#27;[0m
  &amp#27;[32mGiven &amp#27;[0m&amp#27;[32mUser is in the search page&amp#27;[0m                                &amp#27;[90m# steps.ProductDetailsSteps.user_is_in_the_search_page()&amp#27;[0m
  &amp#27;[32mWhen &amp#27;[0m&amp#27;[32mUser verifying the product title and clicks&amp#27;[0m                &amp#27;[90m# steps.ProductDetailsSteps.user_verifying_the_product_title_and_clicks()&amp#27;[0m
  &amp#27;[32mWhen &amp#27;[0m&amp#27;[32mUser verifying the product description&amp#27;[0m                     &amp#27;[90m# steps.ProductDetailsSteps.user_verifying_the_product_description()&amp#27;[0m
  &amp#27;[32mWhen &amp#27;[0m&amp#27;[32mUser verifying the product price&amp#27;[0m                           &amp#27;[90m# steps.ProductDetailsSteps.user_verifying_the_product_price()&amp#27;[0m
  &amp#27;[32mWhen &amp#27;[0m&amp#27;[32mUser verifying the product image&amp#27;[0m                           &amp#27;[90m# steps.ProductDetailsSteps.user_verifying_the_product_image()&amp#27;[0m
  &amp#27;[32mWhen &amp#27;[0m&amp#27;[32mUser verifying the product availability&amp#27;[0m                    &amp#27;[90m# steps.ProductDetailsSteps.user_verifying_the_product_availability()&amp#27;[0m
  &amp#27;[32mWhen &amp#27;[0m&amp#27;[32mUser adding the product to wishlist&amp#27;[0m                        &amp#27;[90m# steps.ProductDetailsSteps.user_addiProdocts has to be verify in the cart
]]></system-out>
  </testcase>
  <testcase name="runScenario[&quot;Adding products to the cart&quot;, &quot;Shopping cart functionality&quot;](4)" classname="runner.TestRunner" time="7.797">
    <system-out><![CDATA[ng_the_product_to_wishlist()&amp#27;[0m
  &amp#27;[32mWhen &amp#27;[0m&amp#27;[32mUser adding the product to cart&amp#27;[0m                            &amp#27;[90m# steps.ProductDetailsSteps.user_adding_the_product_to_cart()&amp#27;[0m
  &amp#27;[32mThen &amp#27;[0m&amp#27;[32mUser want to verify the cart&amp#27;[0m                               &amp#27;[90m# steps.ProductDetailsSteps.user_want_to_verify_the_cart()&amp#27;[0m

@Priority4
Scenario: Adding products to the cart                         &amp#27;[90m# src/test/resources/Features/4ShoppingCart.feature:3&amp#27;[0m
  &amp#27;[32mGiven &amp#27;[0m&amp#27;[32mUser is in the shopping cart page&amp#27;[0m                     &amp#27;[90m# steps.ShoppingCartSteps.user_is_in_the_shopping_cart_page()&amp#27;[0m
  &amp#27;[32mWhen &amp#27;[0m&amp#27;[32mUser clicks on continue shopping and add items to cart&amp#27;[0m &amp#27;[90m# steps.ShoppingCartSteps.user_clicks_on_continue_shopping_and_add_items_to_cart()&amp#27;[0m
  &amp#27;[32mWhen &amp#27;[0m&amp#27;[32mUser clcik on the shopping cart page&amp#27;[0m                   &amp#27;[90m# steps.ShoppingCartSteps.user_clcik_on_the_shopping_cart_page()&amp#27;[0m
  &amp#27;[32mWhen &amp#27;[0m&amp#27;[32mUser removing the item added&amp#27;[0m                           &amp#27;[90m# steps.ShoppingCartSteps.user_removing_the_item_added()&amp#27;[0m
  &amp#27;[32mWhen &amp#27;[0m&amp#27;[32mUser updating the items quantity in the cart&amp#27;[0m           &amp#27;[90m# steps.ShoppingCartSteps.user_updating_the_items_quantity_in_the_cart()&amp#27;[0m
  &amp#27;[32mThen &amp#27;[0m&amp#27;[32mUser clicks on checkout&amp#27;[0m                                &amp#27;[90m# steps.ShoppingCartSteps.u]]></system-out>
  </testcase>
  <testcase name="runScenario[&quot;Register a new user with data from Excel&quot;, &quot;Registration and login page functionality&quot;](5)" classname="runner.TestRunner" time="8.263">
    <system-out><![CDATA[123
456
Account is created successfully
]]></system-out>
  </testcase>
  <testcase name="runScenario[&quot;Login with valid credentials from Excel&quot;, &quot;Registration and login page functionality&quot;](6)" classname="runner.TestRunner" time="16.157">
    <system-out><![CDATA[ser_clicks_on_checkout()&amp#27;[0m

@Priority5
Scenario: Register a new user with data from Excel       &amp#27;[90m# src/test/resources/Features/5Registration.feature:4&amp#27;[0m
  &amp#27;[32mGiven &amp#27;[0m&amp#27;[32mUser is on the registration page&amp#27;[0m                 &amp#27;[90m# steps.RegistrationSteps.user_is_on_the_registration_page()&amp#27;[0m
  &amp#27;[32mWhen &amp#27;[0m&amp#27;[32mUser enters registration details from Excel row &amp#27;[0m&amp#27;[32m&amp#27;[1m1&amp#27;[0m &amp#27;[90m# steps.RegistrationSteps.user_enters_registration_details(int)&amp#27;[0m
  &amp#27;[32mThen &amp#27;[0m&amp#27;[32mUser created the account successfully&amp#27;[0m             &amp#27;[90m# steps.RegistrationSteps.user_created_the_account_successfully()&amp#27;[0m

@Priority6
Scenario: Login with valid credentials from Excel &amp#27;[90m# sUser is in the homepage
]]></system-out>
  </testcase>
</testsuite>